<?xml version="1.0" encoding="UTF-8"?>
<testsuite xmlns:xsi="http://www.w3.org/2001/XMLSchema-instance" xsi:noNamespaceSchemaLocation="https://maven.apache.org/surefire/maven-surefire-plugin/xsd/surefire-test-report-3.0.xsd" version="3.0" name="com.tems.TalentRecruiterTest" time="0.254" tests="1" errors="0" skipped="0" failures="0">
  <properties>
[...]
</properties>
  <testcase name="getByIdTest" classname="com.tems.TalentRecruiterTest" time="0.243">
    <system-err><![CDATA[[main] WARN com.zaxxer.hikari.HikariConfig - HikariPool-1 - idleTimeout has been set but has no effect because the pool is operating as a fixed size pool.
[main] INFO com.zaxxer.hikari.HikariDataSource - HikariPool-1 - Starting...
[main] INFO com.zaxxer.hikari.pool.HikariPool - HikariPool-1 - Added connection org.mariadb.jdbc.Connection@196a42c3
[main] INFO com.zaxxer.hikari.HikariDataSource - HikariPool-1 - Start completed.
Error fetching recruiter by id: Unknown label 'name'. Possible value [talentrecruiters.recruiter_id, company, recruiter_id, talentrecruiters.company]
]]></system-err>
  </testcase>
</testsuite>